\BOOKMARK [0][]{Contents.0}{\376\377\000T\000a\000b\000l\000e\000\040\000o\000f\000\040\000c\000o\000n\000t\000e\000n\000t\000s}{}% 1
\BOOKMARK [0][]{chapter*.6}{\376\377\000L\000i\000s\000t\000\040\000o\000f\000\040\000f\000i\000g\000u\000r\000e\000s}{}% 2
\BOOKMARK [0][]{chapter*.7}{\376\377\000L\000i\000s\000t\000\040\000o\000f\000\040\000t\000a\000b\000l\000e\000s}{}% 3
\BOOKMARK [0][]{chapter.1}{\376\377\0001\000\040\000I\000n\000t\000r\000o\000d\000u\000c\000t\000i\000o\000n}{}% 4
\BOOKMARK [1][]{section.1.1}{\376\377\0001\000.\0001\000\040\000R\000e\000s\000e\000a\000r\000c\000h\000\040\000C\000o\000n\000t\000e\000x\000t}{chapter.1}% 5
\BOOKMARK [1][]{section.1.2}{\376\377\0001\000.\0002\000\040\000T\000e\000a\000m\000\040\000S\000i\000z\000e\000\040\000a\000n\000d\000\040\000S\000t\000a\000b\000i\000l\000i\000t\000y\000\040\000i\000n\000\040\000t\000h\000e\000\040\000L\000i\000t\000e\000r\000a\000t\000u\000r\000e}{chapter.1}% 6
\BOOKMARK [1][]{section.1.3}{\376\377\0001\000.\0003\000\040\000I\000n\000t\000e\000r\000n\000a\000l\000\040\000a\000n\000d\000\040\000e\000x\000t\000e\000r\000n\000a\000l\000\040\000f\000a\000c\000t\000o\000r\000s\000\040\000i\000n\000\040\000t\000h\000e\000\040\000l\000i\000t\000e\000r\000a\000t\000u\000r\000e}{chapter.1}% 7
\BOOKMARK [1][]{section.1.4}{\376\377\0001\000.\0004\000\040\000R\000e\000s\000e\000a\000r\000c\000h\000\040\000P\000r\000o\000b\000l\000e\000m\000\040\000a\000n\000d\000\040\000A\000p\000p\000r\000o\000a\000c\000h}{chapter.1}% 8
\BOOKMARK [1][]{section.1.5}{\376\377\0001\000.\0005\000\040\000R\000e\000s\000e\000a\000r\000c\000h\000\040\000Q\000u\000e\000s\000t\000i\000o\000n\000s\000\040\000a\000n\000d\000\040\000H\000y\000p\000o\000t\000h\000e\000s\000e\000s}{chapter.1}% 9
\BOOKMARK [1][]{section.1.6}{\376\377\0001\000.\0006\000\040\000R\000e\000s\000e\000a\000r\000c\000h\000\040\000G\000o\000a\000l\000s\000\040\000a\000n\000d\000\040\000O\000b\000j\000e\000c\000t\000i\000v\000e\000s}{chapter.1}% 10
\BOOKMARK [1][]{section.1.7}{\376\377\0001\000.\0007\000\040\000T\000h\000e\000s\000i\000s\000\040\000C\000o\000n\000t\000r\000i\000b\000u\000t\000i\000o\000n}{chapter.1}% 11
\BOOKMARK [1][]{section.1.8}{\376\377\0001\000.\0008\000\040\000I\000n\000t\000e\000n\000d\000e\000d\000\040\000A\000u\000d\000i\000e\000n\000c\000e}{chapter.1}% 12
\BOOKMARK [1][]{section.1.9}{\376\377\0001\000.\0009\000\040\000T\000h\000e\000s\000i\000s\000\040\000S\000t\000r\000u\000c\000t\000u\000r\000e}{chapter.1}% 13
\BOOKMARK [0][]{chapter.2}{\376\377\0002\000\040\000R\000e\000l\000a\000t\000e\000d\000\040\000W\000o\000r\000k}{}% 14
\BOOKMARK [1][]{section.2.1}{\376\377\0002\000.\0001\000\040\000I\000n\000t\000r\000o\000d\000u\000c\000t\000i\000o\000n}{chapter.2}% 15
\BOOKMARK [1][]{section.2.2}{\376\377\0002\000.\0002\000\040\000T\000h\000e\000\040\000I\000m\000p\000a\000c\000t\000\040\000o\000f\000\040\000T\000e\000a\000m\000\040\000F\000a\000c\000t\000o\000r\000s}{chapter.2}% 16
\BOOKMARK [2][]{subsection.2.2.1}{\376\377\0002\000.\0002\000.\0001\000\040\000T\000e\000a\000m\000\040\000S\000i\000z\000e}{section.2.2}% 17
\BOOKMARK [2][]{subsection.2.2.2}{\376\377\0002\000.\0002\000.\0002\000\040\000T\000e\000a\000m\000\040\000s\000t\000a\000b\000i\000l\000i\000t\000y}{section.2.2}% 18
\BOOKMARK [1][]{section.2.3}{\376\377\0002\000.\0003\000\040\000S\000t\000r\000u\000c\000t\000u\000r\000a\000l\000\040\000M\000e\000t\000r\000i\000c\000s\000\040\000a\000n\000d\000\040\000E\000x\000t\000e\000r\000n\000a\000l\000\040\000A\000t\000t\000r\000i\000b\000u\000t\000e\000s}{chapter.2}% 19
\BOOKMARK [2][]{subsection.2.3.1}{\376\377\0002\000.\0003\000.\0001\000\040\000E\000v\000o\000l\000u\000t\000i\000o\000n\000\040\000o\000f\000\040\000S\000o\000f\000t\000w\000a\000r\000e\000\040\000M\000e\000t\000r\000i\000c\000s}{section.2.3}% 20
\BOOKMARK [2][]{subsection.2.3.2}{\376\377\0002\000.\0003\000.\0002\000\040\000I\000n\000t\000e\000r\000p\000r\000e\000t\000i\000n\000g\000\040\000C\000K\000\040\000m\000e\000t\000r\000i\000c\000\040\000v\000a\000l\000u\000e\000s}{section.2.3}% 21
\BOOKMARK [2][]{subsection.2.3.3}{\376\377\0002\000.\0003\000.\0003\000\040\000C\000K\000\040\000m\000e\000t\000r\000i\000c\000s\000\040\000a\000n\000d\000\040\000M\000a\000i\000n\000t\000a\000i\000n\000a\000b\000i\000l\000i\000t\000y}{section.2.3}% 22
\BOOKMARK [2][]{subsection.2.3.4}{\376\377\0002\000.\0003\000.\0004\000\040\000C\000K\000\040\000m\000e\000t\000r\000i\000c\000s\000\040\000a\000n\000d\000\040\000t\000h\000e\000\040\000S\000u\000b\000-\000A\000t\000t\000r\000i\000b\000u\000t\000e\000s\000\040\000o\000f\000\040\000M\000a\000i\000n\000t\000a\000i\000n\000a\000b\000i\000l\000i\000t\000y}{section.2.3}% 23
\BOOKMARK [1][]{section.2.4}{\376\377\0002\000.\0004\000\040\000M\000i\000n\000i\000n\000g\000\040\000S\000o\000f\000t\000w\000a\000r\000e\000\040\000R\000e\000p\000o\000s\000i\000t\000o\000r\000i\000e\000s}{chapter.2}% 24
\BOOKMARK [2][]{subsection.2.4.1}{\376\377\0002\000.\0004\000.\0001\000\040\000T\000o\000o\000l\000i\000n\000g}{section.2.4}% 25
\BOOKMARK [2][]{subsection.2.4.2}{\376\377\0002\000.\0004\000.\0002\000\040\000P\000i\000t\000f\000a\000l\000l\000s}{section.2.4}% 26
\BOOKMARK [0][]{chapter.3}{\376\377\0003\000\040\000M\000e\000t\000h\000o\000d\000o\000l\000o\000g\000y}{}% 27
\BOOKMARK [1][]{section.3.1}{\376\377\0003\000.\0001\000\040\000I\000n\000t\000r\000o\000d\000u\000c\000t\000i\000o\000n}{chapter.3}% 28
\BOOKMARK [1][]{section.3.2}{\376\377\0003\000.\0002\000\040\000D\000e\000f\000i\000n\000i\000t\000i\000o\000n\000s}{chapter.3}% 29
\BOOKMARK [2][]{subsection.3.2.1}{\376\377\0003\000.\0002\000.\0001\000\040\000D\000e\000v\000e\000l\000o\000p\000m\000e\000n\000t\000\040\000t\000e\000a\000m\000\040\000s\000i\000z\000e}{section.3.2}% 30
\BOOKMARK [2][]{subsection.3.2.2}{\376\377\0003\000.\0002\000.\0002\000\040\000D\000e\000v\000e\000l\000o\000p\000m\000e\000n\000t\000\040\000t\000e\000a\000m\000\040\000s\000t\000a\000b\000i\000l\000i\000t\000y}{section.3.2}% 31
\BOOKMARK [1][]{section.3.3}{\376\377\0003\000.\0003\000\040\000M\000i\000n\000i\000n\000g}{chapter.3}% 32
\BOOKMARK [2][]{subsection.3.3.1}{\376\377\0003\000.\0003\000.\0001\000\040\000O\000v\000e\000r\000v\000i\000e\000w}{section.3.3}% 33
\BOOKMARK [2][]{subsection.3.3.2}{\376\377\0003\000.\0003\000.\0002\000\040\000S\000e\000l\000e\000c\000t\000i\000n\000g\000\040\000a\000\040\000f\000o\000r\000g\000e\000\040\000t\000o\000\040\000m\000i\000n\000e}{section.3.3}% 34
\BOOKMARK [2][]{subsection.3.3.3}{\376\377\0003\000.\0003\000.\0003\000\040\000O\000v\000e\000r\000v\000i\000e\000w\000\040\000o\000f\000\040\000t\000h\000e\000\040\000G\000o\000o\000g\000l\000e\000C\000o\000d\000e\000\040\000f\000o\000r\000g\000e}{section.3.3}% 35
\BOOKMARK [2][]{subsection.3.3.4}{\376\377\0003\000.\0003\000.\0004\000\040\000T\000o\000o\000l\000c\000h\000a\000i\000n\000\040\000r\000e\000q\000u\000i\000r\000e\000m\000e\000n\000t\000s}{section.3.3}% 36
\BOOKMARK [2][]{subsection.3.3.5}{\376\377\0003\000.\0003\000.\0005\000\040\000O\000p\000e\000n\000\040\000S\000o\000u\000r\000c\000e\000\040\000T\000o\000o\000l\000s}{section.3.3}% 37
\BOOKMARK [2][]{subsection.3.3.6}{\376\377\0003\000.\0003\000.\0006\000\040\000T\000o\000o\000l\000c\000h\000a\000i\000n}{section.3.3}% 38
\BOOKMARK [2][]{subsection.3.3.7}{\376\377\0003\000.\0003\000.\0007\000\040\000V\000a\000l\000i\000d\000a\000t\000i\000n\000g\000\040\000t\000h\000e\000\040\000T\000o\000o\000l\000c\000h\000a\000i\000n}{section.3.3}% 39
\BOOKMARK [2][]{subsection.3.3.8}{\376\377\0003\000.\0003\000.\0008\000\040\000T\000o\000o\000l\000c\000h\000a\000i\000n\000\040\000P\000e\000r\000f\000o\000r\000m\000a\000n\000c\000e}{section.3.3}% 40
\BOOKMARK [1][]{section.3.4}{\376\377\0003\000.\0004\000\040\000M\000e\000t\000r\000i\000c\000s}{chapter.3}% 41
\BOOKMARK [2][]{subsection.3.4.1}{\376\377\0003\000.\0004\000.\0001\000\040\000O\000v\000e\000r\000v\000i\000e\000w}{section.3.4}% 42
\BOOKMARK [2][]{subsection.3.4.2}{\376\377\0003\000.\0004\000.\0002\000\040\000W\000h\000a\000t\000\040\000A\000r\000e\000\040\000S\000t\000r\000u\000c\000t\000u\000r\000a\000l\000\040\000M\000e\000t\000r\000i\000c\000s\000?}{section.3.4}% 43
\BOOKMARK [2][]{subsection.3.4.3}{\376\377\0003\000.\0004\000.\0003\000\040\000S\000u\000r\000v\000e\000y\000\040\000o\000f\000\040\000M\000e\000t\000r\000i\000c\000s\000\040\000S\000u\000i\000t\000e\000s}{section.3.4}% 44
\BOOKMARK [2][]{subsection.3.4.4}{\376\377\0003\000.\0004\000.\0004\000\040\000C\000h\000o\000o\000s\000i\000n\000g\000\040\000a\000\040\000M\000e\000t\000r\000i\000c\000s\000\040\000S\000u\000i\000t\000e}{section.3.4}% 45
\BOOKMARK [0][]{chapter.4}{\376\377\0004\000\040\000T\000h\000e\000\040\000I\000m\000p\000a\000c\000t\000\040\000o\000f\000\040\000T\000e\000a\000m\000\040\000S\000i\000z\000e\000\040\000o\000n\000\040\000S\000t\000r\000u\000c\000t\000u\000r\000a\000l\000\040\000M\000e\000t\000r\000i\000c\000s}{}% 46
\BOOKMARK [1][]{section.4.1}{\376\377\0004\000.\0001\000\040\000I\000n\000t\000r\000o\000d\000u\000c\000t\000i\000o\000n}{chapter.4}% 47
\BOOKMARK [1][]{section.4.2}{\376\377\0004\000.\0002\000\040\000D\000a\000t\000a\000\040\000M\000i\000n\000i\000n\000g}{chapter.4}% 48
\BOOKMARK [2][]{subsection.4.2.1}{\376\377\0004\000.\0002\000.\0001\000\040\000S\000a\000m\000p\000l\000i\000n\000g}{section.4.2}% 49
\BOOKMARK [2][]{subsection.4.2.2}{\376\377\0004\000.\0002\000.\0002\000\040\000S\000t\000r\000u\000c\000t\000u\000r\000a\000l\000\040\000M\000e\000t\000r\000i\000c\000s\000\040\000M\000i\000n\000i\000n\000g}{section.4.2}% 50
\BOOKMARK [1][]{section.4.3}{\376\377\0004\000.\0003\000\040\000S\000a\000m\000p\000l\000e\000\040\000A\000n\000a\000l\000y\000s\000i\000s}{chapter.4}% 51
\BOOKMARK [2][]{subsection.4.3.1}{\376\377\0004\000.\0003\000.\0001\000\040\000E\000x\000p\000l\000o\000r\000a\000t\000o\000r\000y\000\040\000D\000a\000t\000a\000\040\000A\000n\000a\000l\000y\000s\000i\000s}{section.4.3}% 52
\BOOKMARK [2][]{subsection.4.3.2}{\376\377\0004\000.\0003\000.\0002\000\040\000D\000i\000s\000t\000r\000i\000b\000u\000t\000i\000o\000n\000s\000\040\000a\000n\000d\000\040\000C\000o\000r\000r\000e\000l\000a\000t\000i\000o\000n\000s}{section.4.3}% 53
\BOOKMARK [1][]{section.4.4}{\376\377\0004\000.\0004\000\040\000U\000n\000i\000v\000a\000r\000i\000a\000t\000e\000\040\000T\000e\000a\000m\000\040\000S\000i\000z\000e\000\040\000A\000n\000a\000l\000y\000s\000i\000s}{chapter.4}% 54
\BOOKMARK [2][]{subsection.4.4.1}{\376\377\0004\000.\0004\000.\0001\000\040\000D\000e\000f\000i\000n\000i\000n\000g\000\040\000t\000h\000e\000\040\000T\000e\000a\000m\000\040\000S\000i\000z\000e}{section.4.4}% 55
\BOOKMARK [2][]{subsection.4.4.2}{\376\377\0004\000.\0004\000.\0002\000\040\000A\000n\000a\000l\000y\000s\000i\000s}{section.4.4}% 56
\BOOKMARK [2][]{subsection.4.4.3}{\376\377\0004\000.\0004\000.\0003\000\040\000C\000o\000n\000f\000o\000u\000n\000d\000i\000n\000g\000\040\000F\000a\000c\000t\000o\000r\000s}{section.4.4}% 57
\BOOKMARK [1][]{section.4.5}{\376\377\0004\000.\0005\000\040\000M\000u\000l\000t\000i\000v\000a\000r\000i\000a\000t\000e\000\040\000T\000e\000a\000m\000\040\000S\000i\000z\000e\000\040\000A\000n\000a\000l\000y\000s\000i\000s}{chapter.4}% 58
\BOOKMARK [2][]{subsection.4.5.1}{\376\377\0004\000.\0005\000.\0001\000\040\000D\000a\000t\000a\000\040\000A\000n\000a\000l\000y\000s\000i\000s\000\040\000A\000p\000p\000r\000o\000a\000c\000h}{section.4.5}% 59
\BOOKMARK [2][]{subsection.4.5.2}{\376\377\0004\000.\0005\000.\0002\000\040\000C\000o\000m\000p\000a\000r\000i\000n\000g\000\040\000B\000u\000c\000k\000e\000t\000\040\000P\000o\000p\000u\000l\000a\000t\000i\000o\000n\000s}{section.4.5}% 60
\BOOKMARK [2][]{subsection.4.5.3}{\376\377\0004\000.\0005\000.\0003\000\040\000S\000i\000m\000p\000l\000e\000\040\000L\000i\000n\000e\000a\000r\000\040\000M\000o\000d\000e\000l\000s}{section.4.5}% 61
\BOOKMARK [2][]{subsection.4.5.4}{\376\377\0004\000.\0005\000.\0004\000\040\000L\000i\000n\000e\000a\000r\000\040\000M\000i\000x\000e\000d\000\040\000M\000o\000d\000e\000l\000s}{section.4.5}% 62
\BOOKMARK [1][]{section.4.6}{\376\377\0004\000.\0006\000\040\000R\000e\000s\000u\000l\000t\000s\000\040\000a\000t\000\040\000a\000\040\000P\000r\000o\000j\000e\000c\000t\000\040\000L\000e\000v\000e\000l}{chapter.4}% 63
\BOOKMARK [2][]{subsection.4.